<?xml version="1.0" encoding="UTF-8"?>
<testsuite name="com.tch.test.fescar2.FescarApplicationTests" tests="1" skipped="0" failures="0" errors="0" timestamp="2019-04-17T09:05:25" hostname="tianch.local" time="0.182">
  <properties/>
  <testcase name="contextLoads" classname="com.tch.test.fescar2.FescarApplicationTests" time="0.182"/>
  <system-out><![CDATA[17:05:21.728 [Test worker] DEBUG org.springframework.test.context.junit4.SpringJUnit4ClassRunner - SpringJUnit4ClassRunner constructor called with [class com.tch.test.fescar2.FescarApplicationTests]
17:05:21.736 [Test worker] DEBUG org.springframework.test.context.BootstrapUtils - Instantiating CacheAwareContextLoaderDelegate from class [org.springframework.test.context.cache.DefaultCacheAwareContextLoaderDelegate]
17:05:21.743 [Test worker] DEBUG org.springframework.test.context.BootstrapUtils - Instantiating BootstrapContext using constructor [public org.springframework.test.context.support.DefaultBootstrapContext(java.lang.Class,org.springframework.test.context.CacheAwareContextLoaderDelegate)]
17:05:21.763 [Test worker] DEBUG org.springframework.test.context.BootstrapUtils - Instantiating TestContextBootstrapper for test class [com.tch.test.fescar2.FescarApplicationTests] from class [org.springframework.boot.test.context.SpringBootTestContextBootstrapper]
17:05:21.774 [Test worker] INFO org.springframework.boot.test.context.SpringBootTestContextBootstrapper - Neither @ContextConfiguration nor @ContextHierarchy found for test class [com.tch.test.fescar2.FescarApplicationTests], using SpringBootContextLoader
17:05:21.777 [Test worker] DEBUG org.springframework.test.context.support.AbstractContextLoader - Did not detect default resource location for test class [com.tch.test.fescar2.FescarApplicationTests]: class path resource [com/tch/test/fescar2/FescarApplicationTests-context.xml] does not exist
17:05:21.777 [Test worker] DEBUG org.springframework.test.context.support.AbstractContextLoader - Did not detect default resource location for test class [com.tch.test.fescar2.FescarApplicationTests]: class path resource [com/tch/test/fescar2/FescarApplicationTestsContext.groovy] does not exist
17:05:21.777 [Test worker] INFO org.springframework.test.context.support.AbstractContextLoader - Could not detect default resource locations for test class [com.tch.test.fescar2.FescarApplicationTests]: no resource found for suffixes {-context.xml, Context.groovy}.
17:05:21.778 [Test worker] INFO org.springframework.test.context.support.AnnotationConfigContextLoaderUtils - Could not detect default configuration classes for test class [com.tch.test.fescar2.FescarApplicationTests]: FescarApplicationTests does not declare any static, non-private, non-final, nested classes annotated with @Configuration.
17:05:21.816 [Test worker] DEBUG org.springframework.test.context.support.ActiveProfilesUtils - Could not find an 'annotation declaring class' for annotation type [org.springframework.test.context.ActiveProfiles] and class [com.tch.test.fescar2.FescarApplicationTests]
17:05:21.884 [Test worker] DEBUG org.springframework.context.annotation.ClassPathScanningCandidateComponentProvider - Identified candidate component class: file [/Users/higgs/study/fescar-test/server2/build/classes/kotlin/main/com/tch/test/fescar2/FescarApplication.class]
17:05:21.886 [Test worker] INFO org.springframework.boot.test.context.SpringBootTestContextBootstrapper - Found @SpringBootConfiguration com.tch.test.fescar2.FescarApplication for test class com.tch.test.fescar2.FescarApplicationTests
17:05:22.010 [Test worker] DEBUG org.springframework.boot.test.context.SpringBootTestContextBootstrapper - @TestExecutionListeners is not present for class [com.tch.test.fescar2.FescarApplicationTests]: using defaults.
17:05:22.011 [Test worker] INFO org.springframework.boot.test.context.SpringBootTestContextBootstrapper - Loaded default TestExecutionListener class names from location [META-INF/spring.factories]: [org.springframework.boot.test.autoconfigure.restdocs.RestDocsTestExecutionListener, org.springframework.boot.test.autoconfigure.web.client.MockRestServiceServerResetTestExecutionListener, org.springframework.boot.test.autoconfigure.web.servlet.MockMvcPrintOnlyOnFailureTestExecutionListener, org.springframework.boot.test.autoconfigure.web.servlet.WebDriverTestExecutionListener, org.springframework.boot.test.mock.mockito.MockitoTestExecutionListener, org.springframework.boot.test.mock.mockito.ResetMocksTestExecutionListener, org.springframework.test.context.web.ServletTestExecutionListener, org.springframework.test.context.support.DirtiesContextBeforeModesTestExecutionListener, org.springframework.test.context.support.DependencyInjectionTestExecutionListener, org.springframework.test.context.support.DirtiesContextTestExecutionListener, org.springframework.test.context.transaction.TransactionalTestExecutionListener, org.springframework.test.context.jdbc.SqlScriptsTestExecutionListener]
17:05:22.024 [Test worker] INFO org.springframework.boot.test.context.SpringBootTestContextBootstrapper - Using TestExecutionListeners: [org.springframework.test.context.web.ServletTestExecutionListener@18019ff5, org.springframework.test.context.support.DirtiesContextBeforeModesTestExecutionListener@1f3aa22e, org.springframework.boot.test.mock.mockito.MockitoTestExecutionListener@14ccc61, org.springframework.boot.test.autoconfigure.SpringBootDependencyInjectionTestExecutionListener@2f9cb54, org.springframework.test.context.support.DirtiesContextTestExecutionListener@169312c9, org.springframework.test.context.transaction.TransactionalTestExecutionListener@5cf2e9e7, org.springframework.test.context.jdbc.SqlScriptsTestExecutionListener@3bba09dc, org.springframework.boot.test.autoconfigure.restdocs.RestDocsTestExecutionListener@7755c694, org.springframework.boot.test.autoconfigure.web.client.MockRestServiceServerResetTestExecutionListener@79de97ed, org.springframework.boot.test.autoconfigure.web.servlet.MockMvcPrintOnlyOnFailureTestExecutionListener@32a8e4e0, org.springframework.boot.test.autoconfigure.web.servlet.WebDriverTestExecutionListener@59b7ff80, org.springframework.boot.test.mock.mockito.ResetMocksTestExecutionListener@fe344]
17:05:22.026 [Test worker] DEBUG org.springframework.test.annotation.ProfileValueUtils - Retrieved @ProfileValueSourceConfiguration [null] for test class [com.tch.test.fescar2.FescarApplicationTests]
17:05:22.026 [Test worker] DEBUG org.springframework.test.annotation.ProfileValueUtils - Retrieved ProfileValueSource type [class org.springframework.test.annotation.SystemProfileValueSource] for class [com.tch.test.fescar2.FescarApplicationTests]
17:05:22.027 [Test worker] DEBUG org.springframework.test.annotation.ProfileValueUtils - Retrieved @ProfileValueSourceConfiguration [null] for test class [com.tch.test.fescar2.FescarApplicationTests]
17:05:22.027 [Test worker] DEBUG org.springframework.test.annotation.ProfileValueUtils - Retrieved ProfileValueSource type [class org.springframework.test.annotation.SystemProfileValueSource] for class [com.tch.test.fescar2.FescarApplicationTests]
17:05:22.031 [Test worker] DEBUG org.springframework.test.context.support.AbstractDirtiesContextTestExecutionListener - Before test class: context [DefaultTestContext@76b69c65 testClass = FescarApplicationTests, testInstance = [null], testMethod = [null], testException = [null], mergedContextConfiguration = [WebMergedContextConfiguration@7121b73d testClass = FescarApplicationTests, locations = '{}', classes = '{class com.tch.test.fescar2.FescarApplication}', contextInitializerClasses = '[]', activeProfiles = '{}', propertySourceLocations = '{}', propertySourceProperties = '{org.springframework.boot.test.context.SpringBootTestContextBootstrapper=true}', contextCustomizers = set[org.springframework.boot.test.autoconfigure.properties.PropertyMappingContextCustomizer@0, org.springframework.boot.test.autoconfigure.web.servlet.WebDriverContextCustomizerFactory$Customizer@128ce13e, org.springframework.boot.test.context.filter.ExcludeFilterContextCustomizer@40bdde98, org.springframework.boot.test.json.DuplicateJsonObjectContextCustomizerFactory$DuplicateJsonObjectContextCustomizer@1e03380c, org.springframework.boot.test.mock.mockito.MockitoContextCustomizer@0, org.springframework.boot.test.web.client.TestRestTemplateContextCustomizer@5029129], resourceBasePath = 'src/main/webapp', contextLoader = 'org.springframework.boot.test.context.SpringBootContextLoader', parent = [null]], attributes = map['org.springframework.test.context.web.ServletTestExecutionListener.activateListener' -> true]], class annotated with @DirtiesContext [false] with mode [null].
17:05:22.031 [Test worker] DEBUG org.springframework.test.annotation.ProfileValueUtils - Retrieved @ProfileValueSourceConfiguration [null] for test class [com.tch.test.fescar2.FescarApplicationTests]
17:05:22.031 [Test worker] DEBUG org.springframework.test.annotation.ProfileValueUtils - Retrieved ProfileValueSource type [class org.springframework.test.annotation.SystemProfileValueSource] for class [com.tch.test.fescar2.FescarApplicationTests]
17:05:22.253 [Test worker] DEBUG org.springframework.test.context.support.TestPropertySourceUtils - Adding inlined properties to environment: {spring.jmx.enabled=false, org.springframework.boot.test.context.SpringBootTestContextBootstrapper=true, server.port=-1}

  .   ____          _            __ _ _
 /\\ / ___'_ __ _ _(_)_ __  __ _ \ \ \ \
( ( )\___ | '_ | '_| | '_ \/ _` | \ \ \ \
 \\/  ___)| |_)| | | | | || (_| |  ) ) ) )
  '  |____| .__|_| |_|_| |_\__, | / / / /
 =========|_|==============|___/=/_/_/_/
 :: Spring Boot ::        (v2.1.2.RELEASE)

2019-04-17 17:05:22.539  INFO 63102 --- [    Test worker] c.t.test.fescar2.FescarApplicationTests  : Starting FescarApplicationTests on tianch.local with PID 63102 (started by higgs in /Users/higgs/study/fescar-test/server2)
2019-04-17 17:05:22.541  INFO 63102 --- [    Test worker] c.t.test.fescar2.FescarApplicationTests  : No active profile set, falling back to default profiles: default
2019-04-17 17:05:23.230  INFO 63102 --- [    Test worker] .s.d.r.c.RepositoryConfigurationDelegate : Bootstrapping Spring Data repositories in DEFAULT mode.
2019-04-17 17:05:23.257  INFO 63102 --- [    Test worker] .s.d.r.c.RepositoryConfigurationDelegate : Finished Spring Data repository scanning in 17ms. Found 0 repository interfaces.
2019-04-17 17:05:23.997  INFO 63102 --- [    Test worker] com.alibaba.druid.pool.DruidDataSource   : {dataSource-1} inited
2019-04-17 17:05:24.721  INFO 63102 --- [    Test worker] o.s.s.concurrent.ThreadPoolTaskExecutor  : Initializing ExecutorService 'applicationTaskExecutor'
2019-04-17 17:05:25.214  INFO 63102 --- [    Test worker] c.t.test.fescar2.FescarApplicationTests  : Started FescarApplicationTests in 2.954 seconds (JVM running for 4.112)
]]></system-out>
  <system-err><![CDATA[Loading class `com.mysql.jdbc.Driver'. This is deprecated. The new driver class is `com.mysql.cj.jdbc.Driver'. The driver is automatically registered via the SPI and manual loading of the driver class is generally unnecessary.
]]></system-err>
</testsuite>
